<?xml version="1.0" encoding="UTF-8"?>
<testsuite xmlns:xsi="http://www.w3.org/2001/XMLSchema-instance" xsi:noNamespaceSchemaLocation="https://maven.apache.org/surefire/maven-surefire-plugin/xsd/surefire-test-report-3.0.xsd" version="3.0" name="com.streamforge.video.service.VideoServiceImplTest" time="0.777" tests="11" errors="0" skipped="0" failures="0">
  <properties>
[...]
</properties>
  <testcase name="getVideoById_NotFound" classname="com.streamforge.video.service.VideoServiceImplTest" time="0.477">
    <system-out><![CDATA[12:57:53.245 [main] INFO com.streamforge.video.service.VideoServiceImpl -- Fetching video with id: 00000000-0000-0000-0000-000000000099
]]></system-out>
  </testcase>
  <testcase name="createVideo_Success" classname="com.streamforge.video.service.VideoServiceImplTest" time="0.076">
    <system-out><![CDATA[12:57:53.301 [main] INFO com.streamforge.video.service.VideoServiceImpl -- Creating new video: Inception
12:57:53.302 [main] INFO com.streamforge.video.service.VideoServiceImpl -- Video created with id: 00000000-0000-0000-0000-000000000001
]]></system-out>
  </testcase>
  <testcase name="deleteVideo_NotFound" classname="com.streamforge.video.service.VideoServiceImplTest" time="0.016">
    <system-out><![CDATA[12:57:53.368 [main] INFO com.streamforge.video.service.VideoServiceImpl -- Deleting video with id: 00000000-0000-0000-0000-000000000099
]]></system-out>
  </testcase>
  <testcase name="getVideoById_Success" classname="com.streamforge.video.service.VideoServiceImplTest" time="0.01">
    <system-out><![CDATA[12:57:53.389 [main] INFO com.streamforge.video.service.VideoServiceImpl -- Fetching video with id: 00000000-0000-0000-0000-000000000001
]]></system-out>
  </testcase>
  <testcase name="getVideosByType_Success" classname="com.streamforge.video.service.VideoServiceImplTest" time="0.038">
    <system-out><![CDATA[12:57:53.407 [main] INFO com.streamforge.video.service.VideoServiceImpl -- Fetching videos by type: FILM
]]></system-out>
  </testcase>
  <testcase name="deleteVideo_Success" classname="com.streamforge.video.service.VideoServiceImplTest" time="0.014">
    <system-out><![CDATA[12:57:53.451 [main] INFO com.streamforge.video.service.VideoServiceImpl -- Deleting video with id: 00000000-0000-0000-0000-000000000001
12:57:53.452 [main] INFO com.streamforge.video.service.VideoServiceImpl -- Video deleted with id: 00000000-0000-0000-0000-000000000001
]]></system-out>
  </testcase>
  <testcase name="getVideosByMinRating_Success" classname="com.streamforge.video.service.VideoServiceImplTest" time="0.034">
    <system-out><![CDATA[12:57:53.474 [main] INFO com.streamforge.video.service.VideoServiceImpl -- Fetching videos with rating >= 8.0
]]></system-out>
  </testcase>
  <testcase name="updateVideo_Success" classname="com.streamforge.video.service.VideoServiceImplTest" time="0.016">
    <system-out><![CDATA[12:57:53.503 [main] INFO com.streamforge.video.service.VideoServiceImpl -- Updating video with id: 00000000-0000-0000-0000-000000000001
12:57:53.506 [main] INFO com.streamforge.video.service.VideoServiceImpl -- Video updated with id: 00000000-0000-0000-0000-000000000001
]]></system-out>
  </testcase>
  <testcase name="searchVideosByTitle_Success" classname="com.streamforge.video.service.VideoServiceImplTest" time="0.012">
    <system-out><![CDATA[12:57:53.522 [main] INFO com.streamforge.video.service.VideoServiceImpl -- Searching videos by title: inception
]]></system-out>
  </testcase>
  <testcase name="getAllVideos_Success" classname="com.streamforge.video.service.VideoServiceImplTest" time="0.013">
    <system-out><![CDATA[12:57:53.536 [main] INFO com.streamforge.video.service.VideoServiceImpl -- Fetching all videos
]]></system-out>
  </testcase>
  <testcase name="getVideosByCategory_Success" classname="com.streamforge.video.service.VideoServiceImplTest" time="0.013">
    <system-out><![CDATA[12:57:53.549 [main] INFO com.streamforge.video.service.VideoServiceImpl -- Fetching videos by category: SCIENCE_FICTION
]]></system-out>
  </testcase>
</testsuite>